[2026-03-12 16:57:34] ==================================================
[2026-03-12 16:57:34] 🔍 开始监控 1 个服务
[2026-03-12 16:57:34] ==================================================
[2026-03-12 16:57:34] ✅ 股票模拟交易监控 运行正常
[2026-03-12 16:57:34] --------------------------------------------------
[2026-03-12 16:57:34] 📊 监控完成: 1 个运行中, 0 个异常
[2026-03-12 16:57:34] --------------------------------------------------
[2026-03-12 16:57:42] ==================================================
[2026-03-12 16:57:42] 🔍 开始监控 1 个服务
[2026-03-12 16:57:42] ==================================================
[2026-03-12 16:57:42] ✅ 股票模拟交易监控 运行正常
[2026-03-12 16:57:42] --------------------------------------------------
[2026-03-12 16:57:42] 📊 监控完成: 1 个运行中, 0 个异常
[2026-03-12 16:57:42] --------------------------------------------------
[2026-03-12 17:03:18] ==================================================
[2026-03-12 17:03:18] 🔍 开始监控 1 个服务
[2026-03-12 17:03:18] ==================================================
[2026-03-12 17:03:18] ✅ 股票模拟交易监控 运行正常
[2026-03-12 17:03:18] --------------------------------------------------
[2026-03-12 17:03:18] 📊 监控完成: 1 个运行中, 0 个异常
[2026-03-12 17:03:18] --------------------------------------------------
[2026-03-12 17:14:09] ==================================================
[2026-03-12 17:14:09] 🔍 开始监控 1 个服务
[2026-03-12 17:14:09] ==================================================
[2026-03-12 17:14:09] ✅ 股票模拟交易监控 运行正常
[2026-03-12 17:14:09] --------------------------------------------------
[2026-03-12 17:14:09] 📊 监控完成: 1 个运行中, 0 个异常
[2026-03-12 17:14:09] --------------------------------------------------
[2026-03-12 17:33:09] ==================================================
[2026-03-12 17:33:09] 🔍 开始监控 1 个服务
[2026-03-12 17:33:09] ==================================================
[2026-03-12 17:33:09] ✅ 股票模拟交易监控 运行正常
[2026-03-12 17:33:09] --------------------------------------------------
[2026-03-12 17:33:09] 📊 监控完成: 1 个运行中, 0 个异常
[2026-03-12 17:33:09] --------------------------------------------------
[2026-03-12 17:48:28] ==================================================
[2026-03-12 17:48:28] 🔍 开始监控 1 个服务
[2026-03-12 17:48:28] ==================================================
[2026-03-12 17:48:28] ✅ 股票模拟交易监控 运行正常
[2026-03-12 17:48:28] --------------------------------------------------
[2026-03-12 17:48:28] 📊 监控完成: 1 个运行中, 0 个异常
[2026-03-12 17:48:28] --------------------------------------------------
[2026-03-12 18:03:10] ==================================================
[2026-03-12 18:03:10] 🔍 开始监控 1 个服务
[2026-03-12 18:03:10] ==================================================
[2026-03-12 18:03:10] ✅ 股票模拟交易监控 运行正常
[2026-03-12 18:03:10] --------------------------------------------------
[2026-03-12 18:03:10] 📊 监控完成: 1 个运行中, 0 个异常
[2026-03-12 18:03:10] --------------------------------------------------
[2026-03-16 09:17:37] ==================================================
[2026-03-16 09:17:37] 🔍 开始监控 1 个服务
[2026-03-16 09:17:37] ==================================================
[2026-03-16 09:17:37] ❌ 股票模拟交易监控 已掉线
[2026-03-16 09:17:37] 🔄 尝试重启 股票模拟交易监控 (1/3)
[2026-03-16 09:17:37] 🚀 启动服务: 股票模拟交易监控
[2026-03-16 09:17:42] ✅ 股票模拟交易监控 重启成功
[2026-03-16 09:17:42] --------------------------------------------------
[2026-03-16 09:17:42] 📊 监控完成: 1 个运行中, 0 个异常
[2026-03-16 09:17:42] --------------------------------------------------
[2026-03-16 09:22:37] ==================================================
[2026-03-16 09:22:37] 🔍 开始监控 1 个服务
[2026-03-16 09:22:37] ==================================================
[2026-03-16 09:22:37] ✅ 股票模拟交易监控 运行正常
[2026-03-16 09:22:37] --------------------------------------------------
[2026-03-16 09:22:37] 📊 监控完成: 1 个运行中, 0 个异常
[2026-03-16 09:22:37] --------------------------------------------------
[2026-03-16 09:32:34] ==================================================
[2026-03-16 09:32:34] 🔍 开始监控 1 个服务
[2026-03-16 09:32:34] ==================================================
[2026-03-16 09:32:34] ✅ 股票模拟交易监控 运行正常
[2026-03-16 09:32:34] --------------------------------------------------
[2026-03-16 09:32:34] 📊 监控完成: 1 个运行中, 0 个异常
[2026-03-16 09:32:34] --------------------------------------------------
[2026-03-16 09:37:36] ==================================================
[2026-03-16 09:37:36] 🔍 开始监控 1 个服务
[2026-03-16 09:37:36] ==================================================
[2026-03-16 09:37:36] ✅ 股票模拟交易监控 运行正常
[2026-03-16 09:37:36] --------------------------------------------------
[2026-03-16 09:37:36] 📊 监控完成: 1 个运行中, 0 个异常
[2026-03-16 09:37:36] --------------------------------------------------
[2026-03-16 09:42:37] ==================================================
[2026-03-16 09:42:37] 🔍 开始监控 1 个服务
[2026-03-16 09:42:37] ==================================================
[2026-03-16 09:42:37] ✅ 股票模拟交易监控 运行正常
[2026-03-16 09:42:37] --------------------------------------------------
[2026-03-16 09:42:37] 📊 监控完成: 1 个运行中, 0 个异常
[2026-03-16 09:42:37] --------------------------------------------------
[2026-03-16 09:47:39] ==================================================
[2026-03-16 09:47:39] 🔍 开始监控 1 个服务
[2026-03-16 09:47:39] ==================================================
[2026-03-16 09:47:39] ✅ 股票模拟交易监控 运行正常
[2026-03-16 09:47:39] --------------------------------------------------
[2026-03-16 09:47:39] 📊 监控完成: 1 个运行中, 0 个异常
[2026-03-16 09:47:39] --------------------------------------------------
[2026-03-16 09:57:36] ==================================================
[2026-03-16 09:57:36] 🔍 开始监控 1 个服务
[2026-03-16 09:57:36] ==================================================
[2026-03-16 09:57:36] ✅ 股票模拟交易监控 运行正常
[2026-03-16 09:57:36] --------------------------------------------------
[2026-03-16 09:57:36] 📊 监控完成: 1 个运行中, 0 个异常
[2026-03-16 09:57:36] --------------------------------------------------
[2026-03-16 09:57:52] ==================================================
[2026-03-16 09:57:52] 🔍 开始监控 1 个服务
[2026-03-16 09:57:52] ==================================================
[2026-03-16 09:57:52] ✅ 股票模拟交易监控 运行正常
[2026-03-16 09:57:52] --------------------------------------------------
[2026-03-16 09:57:52] 📊 监控完成: 1 个运行中, 0 个异常
[2026-03-16 09:57:52] --------------------------------------------------
[2026-03-16 10:02:38] ==================================================
[2026-03-16 10:02:38] 🔍 开始监控 1 个服务
[2026-03-16 10:02:38] ==================================================
[2026-03-16 10:02:38] ✅ 股票模拟交易监控 运行正常
[2026-03-16 10:02:38] --------------------------------------------------
[2026-03-16 10:02:38] 📊 监控完成: 1 个运行中, 0 个异常
[2026-03-16 10:02:38] --------------------------------------------------
[2026-03-16 10:03:01] ==================================================
[2026-03-16 10:03:01] 🔍 开始监控 1 个服务
[2026-03-16 10:03:01] ==================================================
[2026-03-16 10:03:01] ✅ 股票模拟交易监控 运行正常
[2026-03-16 10:03:01] --------------------------------------------------
[2026-03-16 10:03:01] 📊 监控完成: 1 个运行中, 0 个异常
[2026-03-16 10:03:01] --------------------------------------------------
[2026-03-16 10:07:38] ==================================================
[2026-03-16 10:07:38] 🔍 开始监控 1 个服务
[2026-03-16 10:07:38] ==================================================
[2026-03-16 10:07:38] ✅ 股票模拟交易监控 运行正常
[2026-03-16 10:07:38] --------------------------------------------------
[2026-03-16 10:07:38] 📊 监控完成: 1 个运行中, 0 个异常
[2026-03-16 10:07:38] --------------------------------------------------
[2026-03-16 10:08:01] ==================================================
[2026-03-16 10:08:01] 🔍 开始监控 1 个服务
[2026-03-16 10:08:01] ==================================================
[2026-03-16 10:08:01] ✅ 股票模拟交易监控 运行正常
[2026-03-16 10:08:01] --------------------------------------------------
[2026-03-16 10:08:01] 📊 监控完成: 1 个运行中, 0 个异常
[2026-03-16 10:08:01] --------------------------------------------------
[2026-03-16 10:12:42] ==================================================
[2026-03-16 10:12:42] 🔍 开始监控 1 个服务
[2026-03-16 10:12:42] ==================================================
[2026-03-16 10:12:42] ✅ 股票模拟交易监控 运行正常
[2026-03-16 10:12:42] --------------------------------------------------
[2026-03-16 10:12:42] 📊 监控完成: 1 个运行中, 0 个异常
[2026-03-16 10:12:42] --------------------------------------------------
[2026-03-16 10:13:18] ==================================================
[2026-03-16 10:13:18] 🔍 开始监控 1 个服务
[2026-03-16 10:13:18] ==================================================
[2026-03-16 10:13:18] ✅ 股票模拟交易监控 运行正常
[2026-03-16 10:13:18] --------------------------------------------------
[2026-03-16 10:13:18] 📊 监控完成: 1 个运行中, 0 个异常
[2026-03-16 10:13:18] --------------------------------------------------
[2026-03-16 10:17:32] ==================================================
[2026-03-16 10:17:32] 🔍 开始监控 1 个服务
[2026-03-16 10:17:32] ==================================================
[2026-03-16 10:17:32] ✅ 股票模拟交易监控 运行正常
[2026-03-16 10:17:32] --------------------------------------------------
[2026-03-16 10:17:32] 📊 监控完成: 1 个运行中, 0 个异常
[2026-03-16 10:17:32] --------------------------------------------------
[2026-03-16 10:22:42] ==================================================
[2026-03-16 10:22:42] 🔍 开始监控 1 个服务
[2026-03-16 10:22:42] ==================================================
[2026-03-16 10:22:42] ✅ 股票模拟交易监控 运行正常
[2026-03-16 10:22:42] --------------------------------------------------
[2026-03-16 10:22:42] 📊 监控完成: 1 个运行中, 0 个异常
[2026-03-16 10:22:42] --------------------------------------------------
